[23-Feb-2018 13:47:58 UTC] PHP Fatal error:  Uncaught RuntimeException: Can't create directory /var/www/html/m2latest23/generated/code/Magento/Catalog/Model/ResourceModel/Product/. in [Magento\Catalog\Model\ResourceModel\Product\CollectionFactory] in /var/www/html/m2latest23/vendor/magento/framework/Code/Generator.php:115
Stack trace:
#0 /var/www/html/m2latest23/vendor/magento/framework/Code/Generator/Autoloader.php(35): Magento\Framework\Code\Generator->generateClass('Magento\\Catalog...')
#1 [internal function]: Magento\Framework\Code\Generator\Autoloader->load('Magento\\Catalog...')
#2 [internal function]: spl_autoload_call('Magento\\Catalog...')
#3 /var/www/html/m2latest23/vendor/magento/framework/ObjectManager/Relations/Runtime.php(38): class_exists('Magento\\Catalog...')
#4 /var/www/html/m2latest23/vendor/magento/framework/Interception/Config/Config.php(166): Magento\Framework\ObjectManager\Relations\Runtime->has('Magento\\Catalog...')
#5 /var/www/html/m2latest23/vendor/magento/framework/Interception/Config/Config.php(160): Magento\Framework\Inter in /var/www/html/m2latest23/vendor/magento/framework/Code/Generator.php on line 115
[23-Feb-2018 13:47:59 UTC] PHP Fatal error:  Uncaught RuntimeException: Can't create directory /var/www/html/m2latest23/generated/code/Magento/Catalog/Model/ResourceModel/Product/. in [Magento\Catalog\Model\ResourceModel\Product\CollectionFactory] in /var/www/html/m2latest23/vendor/magento/framework/Code/Generator.php:115
Stack trace:
#0 /var/www/html/m2latest23/vendor/magento/framework/Code/Generator/Autoloader.php(35): Magento\Framework\Code\Generator->generateClass('Magento\\Catalog...')
#1 [internal function]: Magento\Framework\Code\Generator\Autoloader->load('Magento\\Catalog...')
#2 [internal function]: spl_autoload_call('Magento\\Catalog...')
#3 /var/www/html/m2latest23/vendor/magento/framework/ObjectManager/Relations/Runtime.php(38): class_exists('Magento\\Catalog...')
#4 /var/www/html/m2latest23/vendor/magento/framework/Interception/Config/Config.php(166): Magento\Framework\ObjectManager\Relations\Runtime->has('Magento\\Catalog...')
#5 /var/www/html/m2latest23/vendor/magento/framework/Interception/Config/Config.php(160): Magento\Framework\Inter in /var/www/html/m2latest23/vendor/magento/framework/Code/Generator.php on line 115
[23-Feb-2018 13:48:22 UTC] PHP Fatal error:  Uncaught RuntimeException: Can't create directory /var/www/html/m2latest23/generated/code/Magento/Catalog/Model/ResourceModel/Product/. in [Magento\Catalog\Model\ResourceModel\Product\CollectionFactory] in /var/www/html/m2latest23/vendor/magento/framework/Code/Generator.php:115
Stack trace:
#0 /var/www/html/m2latest23/vendor/magento/framework/Code/Generator/Autoloader.php(35): Magento\Framework\Code\Generator->generateClass('Magento\\Catalog...')
#1 [internal function]: Magento\Framework\Code\Generator\Autoloader->load('Magento\\Catalog...')
#2 [internal function]: spl_autoload_call('Magento\\Catalog...')
#3 /var/www/html/m2latest23/vendor/magento/framework/ObjectManager/Relations/Runtime.php(38): class_exists('Magento\\Catalog...')
#4 /var/www/html/m2latest23/vendor/magento/framework/Interception/Config/Config.php(166): Magento\Framework\ObjectManager\Relations\Runtime->has('Magento\\Catalog...')
#5 /var/www/html/m2latest23/vendor/magento/framework/Interception/Config/Config.php(160): Magento\Framework\Inter in /var/www/html/m2latest23/vendor/magento/framework/Code/Generator.php on line 115
[23-Feb-2018 13:48:23 UTC] PHP Fatal error:  Uncaught RuntimeException: Can't create directory /var/www/html/m2latest23/generated/code/Magento/Catalog/Model/ResourceModel/Product/. in [Magento\Catalog\Model\ResourceModel\Product\CollectionFactory] in /var/www/html/m2latest23/vendor/magento/framework/Code/Generator.php:115
Stack trace:
#0 /var/www/html/m2latest23/vendor/magento/framework/Code/Generator/Autoloader.php(35): Magento\Framework\Code\Generator->generateClass('Magento\\Catalog...')
#1 [internal function]: Magento\Framework\Code\Generator\Autoloader->load('Magento\\Catalog...')
#2 [internal function]: spl_autoload_call('Magento\\Catalog...')
#3 /var/www/html/m2latest23/vendor/magento/framework/ObjectManager/Relations/Runtime.php(38): class_exists('Magento\\Catalog...')
#4 /var/www/html/m2latest23/vendor/magento/framework/Interception/Config/Config.php(166): Magento\Framework\ObjectManager\Relations\Runtime->has('Magento\\Catalog...')
#5 /var/www/html/m2latest23/vendor/magento/framework/Interception/Config/Config.php(160): Magento\Framework\Inter in /var/www/html/m2latest23/vendor/magento/framework/Code/Generator.php on line 115
[23-Feb-2018 13:48:48 UTC] PHP Fatal error:  Uncaught RuntimeException: Can't create directory /var/www/html/m2latest23/generated/code/Magento/Catalog/Model/ResourceModel/Product/. in [Magento\Catalog\Model\ResourceModel\Product\CollectionFactory] in /var/www/html/m2latest23/vendor/magento/framework/Code/Generator.php:115
Stack trace:
#0 /var/www/html/m2latest23/vendor/magento/framework/Code/Generator/Autoloader.php(35): Magento\Framework\Code\Generator->generateClass('Magento\\Catalog...')
#1 [internal function]: Magento\Framework\Code\Generator\Autoloader->load('Magento\\Catalog...')
#2 [internal function]: spl_autoload_call('Magento\\Catalog...')
#3 /var/www/html/m2latest23/vendor/magento/framework/ObjectManager/Relations/Runtime.php(38): class_exists('Magento\\Catalog...')
#4 /var/www/html/m2latest23/vendor/magento/framework/Interception/Config/Config.php(166): Magento\Framework\ObjectManager\Relations\Runtime->has('Magento\\Catalog...')
#5 /var/www/html/m2latest23/vendor/magento/framework/Interception/Config/Config.php(160): Magento\Framework\Inter in /var/www/html/m2latest23/vendor/magento/framework/Code/Generator.php on line 115
[23-Feb-2018 13:48:49 UTC] PHP Fatal error:  Uncaught RuntimeException: Can't create directory /var/www/html/m2latest23/generated/code/Magento/Catalog/Model/ResourceModel/Product/. in [Magento\Catalog\Model\ResourceModel\Product\CollectionFactory] in /var/www/html/m2latest23/vendor/magento/framework/Code/Generator.php:115
Stack trace:
#0 /var/www/html/m2latest23/vendor/magento/framework/Code/Generator/Autoloader.php(35): Magento\Framework\Code\Generator->generateClass('Magento\\Catalog...')
#1 [internal function]: Magento\Framework\Code\Generator\Autoloader->load('Magento\\Catalog...')
#2 [internal function]: spl_autoload_call('Magento\\Catalog...')
#3 /var/www/html/m2latest23/vendor/magento/framework/ObjectManager/Relations/Runtime.php(38): class_exists('Magento\\Catalog...')
#4 /var/www/html/m2latest23/vendor/magento/framework/Interception/Config/Config.php(166): Magento\Framework\ObjectManager\Relations\Runtime->has('Magento\\Catalog...')
#5 /var/www/html/m2latest23/vendor/magento/framework/Interception/Config/Config.php(160): Magento\Framework\Inter in /var/www/html/m2latest23/vendor/magento/framework/Code/Generator.php on line 115
[23-Feb-2018 13:49:13 UTC] PHP Fatal error:  Uncaught RuntimeException: Can't create directory /var/www/html/m2latest23/generated/code/Magento/Store/Model/Website/. in [Magento\Store\Model\Website\Interceptor] in /var/www/html/m2latest23/vendor/magento/framework/Code/Generator.php:115
Stack trace:
#0 /var/www/html/m2latest23/vendor/magento/framework/Code/Generator/Autoloader.php(35): Magento\Framework\Code\Generator->generateClass('Magento\\Store\\M...')
#1 [internal function]: Magento\Framework\Code\Generator\Autoloader->load('Magento\\Store\\M...')
#2 [internal function]: spl_autoload_call('Magento\\Store\\M...')
#3 /var/www/html/m2latest23/vendor/magento/framework/Code/Reader/ClassReader.php(19): ReflectionClass->__construct('Magento\\Store\\M...')
#4 /var/www/html/m2latest23/vendor/magento/framework/ObjectManager/Definition/Runtime.php(44): Magento\Framework\Code\Reader\ClassReader->getConstructor('Magento\\Store\\M...')
#5 /var/www/html/m2latest23/vendor/magento/framework/ObjectManager/Factory/Dynamic/Developer.php(48): Magento\Framework\ObjectMana in /var/www/html/m2latest23/vendor/magento/framework/Code/Generator.php on line 115
[23-Feb-2018 13:49:14 UTC] PHP Fatal error:  Uncaught RuntimeException: Can't create directory /var/www/html/m2latest23/generated/code/Magento/Store/Model/Website/. in [Magento\Store\Model\Website\Interceptor] in /var/www/html/m2latest23/vendor/magento/framework/Code/Generator.php:115
Stack trace:
#0 /var/www/html/m2latest23/vendor/magento/framework/Code/Generator/Autoloader.php(35): Magento\Framework\Code\Generator->generateClass('Magento\\Store\\M...')
#1 [internal function]: Magento\Framework\Code\Generator\Autoloader->load('Magento\\Store\\M...')
#2 [internal function]: spl_autoload_call('Magento\\Store\\M...')
#3 /var/www/html/m2latest23/vendor/magento/framework/Code/Reader/ClassReader.php(19): ReflectionClass->__construct('Magento\\Store\\M...')
#4 /var/www/html/m2latest23/vendor/magento/framework/ObjectManager/Definition/Runtime.php(44): Magento\Framework\Code\Reader\ClassReader->getConstructor('Magento\\Store\\M...')
#5 /var/www/html/m2latest23/vendor/magento/framework/ObjectManager/Factory/Dynamic/Developer.php(48): Magento\Framework\ObjectMana in /var/www/html/m2latest23/vendor/magento/framework/Code/Generator.php on line 115
[23-Feb-2018 13:49:38 UTC] PHP Fatal error:  Uncaught RuntimeException: Can't create directory /var/www/html/m2latest23/generated/code/Magento/Store/Model/Website/. in [Magento\Store\Model\Website\Interceptor] in /var/www/html/m2latest23/vendor/magento/framework/Code/Generator.php:115
Stack trace:
#0 /var/www/html/m2latest23/vendor/magento/framework/Code/Generator/Autoloader.php(35): Magento\Framework\Code\Generator->generateClass('Magento\\Store\\M...')
#1 [internal function]: Magento\Framework\Code\Generator\Autoloader->load('Magento\\Store\\M...')
#2 [internal function]: spl_autoload_call('Magento\\Store\\M...')
#3 /var/www/html/m2latest23/vendor/magento/framework/Code/Reader/ClassReader.php(19): ReflectionClass->__construct('Magento\\Store\\M...')
#4 /var/www/html/m2latest23/vendor/magento/framework/ObjectManager/Definition/Runtime.php(44): Magento\Framework\Code\Reader\ClassReader->getConstructor('Magento\\Store\\M...')
#5 /var/www/html/m2latest23/vendor/magento/framework/ObjectManager/Factory/Dynamic/Developer.php(48): Magento\Framework\ObjectMana in /var/www/html/m2latest23/vendor/magento/framework/Code/Generator.php on line 115
[23-Feb-2018 13:49:39 UTC] PHP Fatal error:  Uncaught RuntimeException: Can't create directory /var/www/html/m2latest23/generated/code/Magento/Store/Model/Website/. in [Magento\Store\Model\Website\Interceptor] in /var/www/html/m2latest23/vendor/magento/framework/Code/Generator.php:115
Stack trace:
#0 /var/www/html/m2latest23/vendor/magento/framework/Code/Generator/Autoloader.php(35): Magento\Framework\Code\Generator->generateClass('Magento\\Store\\M...')
#1 [internal function]: Magento\Framework\Code\Generator\Autoloader->load('Magento\\Store\\M...')
#2 [internal function]: spl_autoload_call('Magento\\Store\\M...')
#3 /var/www/html/m2latest23/vendor/magento/framework/Code/Reader/ClassReader.php(19): ReflectionClass->__construct('Magento\\Store\\M...')
#4 /var/www/html/m2latest23/vendor/magento/framework/ObjectManager/Definition/Runtime.php(44): Magento\Framework\Code\Reader\ClassReader->getConstructor('Magento\\Store\\M...')
#5 /var/www/html/m2latest23/vendor/magento/framework/ObjectManager/Factory/Dynamic/Developer.php(48): Magento\Framework\ObjectMana in /var/www/html/m2latest23/vendor/magento/framework/Code/Generator.php on line 115
[23-Feb-2018 13:50:03 UTC] PHP Fatal error:  Uncaught RuntimeException: Can't create directory /var/www/html/m2latest23/generated/code/Magento/Store/Model/Website/. in [Magento\Store\Model\Website\Interceptor] in /var/www/html/m2latest23/vendor/magento/framework/Code/Generator.php:115
Stack trace:
#0 /var/www/html/m2latest23/vendor/magento/framework/Code/Generator/Autoloader.php(35): Magento\Framework\Code\Generator->generateClass('Magento\\Store\\M...')
#1 [internal function]: Magento\Framework\Code\Generator\Autoloader->load('Magento\\Store\\M...')
#2 [internal function]: spl_autoload_call('Magento\\Store\\M...')
#3 /var/www/html/m2latest23/vendor/magento/framework/Code/Reader/ClassReader.php(19): ReflectionClass->__construct('Magento\\Store\\M...')
#4 /var/www/html/m2latest23/vendor/magento/framework/ObjectManager/Definition/Runtime.php(44): Magento\Framework\Code\Reader\ClassReader->getConstructor('Magento\\Store\\M...')
#5 /var/www/html/m2latest23/vendor/magento/framework/ObjectManager/Factory/Dynamic/Developer.php(48): Magento\Framework\ObjectMana in /var/www/html/m2latest23/vendor/magento/framework/Code/Generator.php on line 115
[23-Feb-2018 13:50:04 UTC] PHP Fatal error:  Uncaught RuntimeException: Can't create directory /var/www/html/m2latest23/generated/code/Magento/Store/Model/Website/. in [Magento\Store\Model\Website\Interceptor] in /var/www/html/m2latest23/vendor/magento/framework/Code/Generator.php:115
Stack trace:
#0 /var/www/html/m2latest23/vendor/magento/framework/Code/Generator/Autoloader.php(35): Magento\Framework\Code\Generator->generateClass('Magento\\Store\\M...')
#1 [internal function]: Magento\Framework\Code\Generator\Autoloader->load('Magento\\Store\\M...')
#2 [internal function]: spl_autoload_call('Magento\\Store\\M...')
#3 /var/www/html/m2latest23/vendor/magento/framework/Code/Reader/ClassReader.php(19): ReflectionClass->__construct('Magento\\Store\\M...')
#4 /var/www/html/m2latest23/vendor/magento/framework/ObjectManager/Definition/Runtime.php(44): Magento\Framework\Code\Reader\ClassReader->getConstructor('Magento\\Store\\M...')
#5 /var/www/html/m2latest23/vendor/magento/framework/ObjectManager/Factory/Dynamic/Developer.php(48): Magento\Framework\ObjectMana in /var/www/html/m2latest23/vendor/magento/framework/Code/Generator.php on line 115
[23-Feb-2018 13:50:27 UTC] PHP Fatal error:  Uncaught RuntimeException: Can't create directory /var/www/html/m2latest23/generated/code/Magento/Store/Model/Website/. in [Magento\Store\Model\Website\Interceptor] in /var/www/html/m2latest23/vendor/magento/framework/Code/Generator.php:115
Stack trace:
#0 /var/www/html/m2latest23/vendor/magento/framework/Code/Generator/Autoloader.php(35): Magento\Framework\Code\Generator->generateClass('Magento\\Store\\M...')
#1 [internal function]: Magento\Framework\Code\Generator\Autoloader->load('Magento\\Store\\M...')
#2 [internal function]: spl_autoload_call('Magento\\Store\\M...')
#3 /var/www/html/m2latest23/vendor/magento/framework/Code/Reader/ClassReader.php(19): ReflectionClass->__construct('Magento\\Store\\M...')
#4 /var/www/html/m2latest23/vendor/magento/framework/ObjectManager/Definition/Runtime.php(44): Magento\Framework\Code\Reader\ClassReader->getConstructor('Magento\\Store\\M...')
#5 /var/www/html/m2latest23/vendor/magento/framework/ObjectManager/Factory/Dynamic/Developer.php(48): Magento\Framework\ObjectMana in /var/www/html/m2latest23/vendor/magento/framework/Code/Generator.php on line 115
[23-Feb-2018 13:50:28 UTC] PHP Fatal error:  Uncaught RuntimeException: Can't create directory /var/www/html/m2latest23/generated/code/Magento/Store/Model/Website/. in [Magento\Store\Model\Website\Interceptor] in /var/www/html/m2latest23/vendor/magento/framework/Code/Generator.php:115
Stack trace:
#0 /var/www/html/m2latest23/vendor/magento/framework/Code/Generator/Autoloader.php(35): Magento\Framework\Code\Generator->generateClass('Magento\\Store\\M...')
#1 [internal function]: Magento\Framework\Code\Generator\Autoloader->load('Magento\\Store\\M...')
#2 [internal function]: spl_autoload_call('Magento\\Store\\M...')
#3 /var/www/html/m2latest23/vendor/magento/framework/Code/Reader/ClassReader.php(19): ReflectionClass->__construct('Magento\\Store\\M...')
#4 /var/www/html/m2latest23/vendor/magento/framework/ObjectManager/Definition/Runtime.php(44): Magento\Framework\Code\Reader\ClassReader->getConstructor('Magento\\Store\\M...')
#5 /var/www/html/m2latest23/vendor/magento/framework/ObjectManager/Factory/Dynamic/Developer.php(48): Magento\Framework\ObjectMana in /var/www/html/m2latest23/vendor/magento/framework/Code/Generator.php on line 115
[23-Feb-2018 13:50:52 UTC] PHP Fatal error:  Uncaught RuntimeException: Can't create directory /var/www/html/m2latest23/generated/code/Magento/Store/Model/Website/. in [Magento\Store\Model\Website\Interceptor] in /var/www/html/m2latest23/vendor/magento/framework/Code/Generator.php:115
Stack trace:
#0 /var/www/html/m2latest23/vendor/magento/framework/Code/Generator/Autoloader.php(35): Magento\Framework\Code\Generator->generateClass('Magento\\Store\\M...')
#1 [internal function]: Magento\Framework\Code\Generator\Autoloader->load('Magento\\Store\\M...')
#2 [internal function]: spl_autoload_call('Magento\\Store\\M...')
#3 /var/www/html/m2latest23/vendor/magento/framework/Code/Reader/ClassReader.php(19): ReflectionClass->__construct('Magento\\Store\\M...')
#4 /var/www/html/m2latest23/vendor/magento/framework/ObjectManager/Definition/Runtime.php(44): Magento\Framework\Code\Reader\ClassReader->getConstructor('Magento\\Store\\M...')
#5 /var/www/html/m2latest23/vendor/magento/framework/ObjectManager/Factory/Dynamic/Developer.php(48): Magento\Framework\ObjectMana in /var/www/html/m2latest23/vendor/magento/framework/Code/Generator.php on line 115
[23-Feb-2018 13:50:53 UTC] PHP Fatal error:  Uncaught RuntimeException: Can't create directory /var/www/html/m2latest23/generated/code/Magento/Store/Model/Website/. in [Magento\Store\Model\Website\Interceptor] in /var/www/html/m2latest23/vendor/magento/framework/Code/Generator.php:115
Stack trace:
#0 /var/www/html/m2latest23/vendor/magento/framework/Code/Generator/Autoloader.php(35): Magento\Framework\Code\Generator->generateClass('Magento\\Store\\M...')
#1 [internal function]: Magento\Framework\Code\Generator\Autoloader->load('Magento\\Store\\M...')
#2 [internal function]: spl_autoload_call('Magento\\Store\\M...')
#3 /var/www/html/m2latest23/vendor/magento/framework/Code/Reader/ClassReader.php(19): ReflectionClass->__construct('Magento\\Store\\M...')
#4 /var/www/html/m2latest23/vendor/magento/framework/ObjectManager/Definition/Runtime.php(44): Magento\Framework\Code\Reader\ClassReader->getConstructor('Magento\\Store\\M...')
#5 /var/www/html/m2latest23/vendor/magento/framework/ObjectManager/Factory/Dynamic/Developer.php(48): Magento\Framework\ObjectMana in /var/www/html/m2latest23/vendor/magento/framework/Code/Generator.php on line 115
[23-Feb-2018 13:51:17 UTC] PHP Fatal error:  Uncaught RuntimeException: Can't create directory /var/www/html/m2latest23/generated/code/Magento/Store/Model/Website/. in [Magento\Store\Model\Website\Interceptor] in /var/www/html/m2latest23/vendor/magento/framework/Code/Generator.php:115
Stack trace:
#0 /var/www/html/m2latest23/vendor/magento/framework/Code/Generator/Autoloader.php(35): Magento\Framework\Code\Generator->generateClass('Magento\\Store\\M...')
#1 [internal function]: Magento\Framework\Code\Generator\Autoloader->load('Magento\\Store\\M...')
#2 [internal function]: spl_autoload_call('Magento\\Store\\M...')
#3 /var/www/html/m2latest23/vendor/magento/framework/Code/Reader/ClassReader.php(19): ReflectionClass->__construct('Magento\\Store\\M...')
#4 /var/www/html/m2latest23/vendor/magento/framework/ObjectManager/Definition/Runtime.php(44): Magento\Framework\Code\Reader\ClassReader->getConstructor('Magento\\Store\\M...')
#5 /var/www/html/m2latest23/vendor/magento/framework/ObjectManager/Factory/Dynamic/Developer.php(48): Magento\Framework\ObjectMana in /var/www/html/m2latest23/vendor/magento/framework/Code/Generator.php on line 115
[23-Feb-2018 13:51:19 UTC] PHP Fatal error:  Uncaught RuntimeException: Can't create directory /var/www/html/m2latest23/generated/code/Magento/Store/Model/Website/. in [Magento\Store\Model\Website\Interceptor] in /var/www/html/m2latest23/vendor/magento/framework/Code/Generator.php:115
Stack trace:
#0 /var/www/html/m2latest23/vendor/magento/framework/Code/Generator/Autoloader.php(35): Magento\Framework\Code\Generator->generateClass('Magento\\Store\\M...')
#1 [internal function]: Magento\Framework\Code\Generator\Autoloader->load('Magento\\Store\\M...')
#2 [internal function]: spl_autoload_call('Magento\\Store\\M...')
#3 /var/www/html/m2latest23/vendor/magento/framework/Code/Reader/ClassReader.php(19): ReflectionClass->__construct('Magento\\Store\\M...')
#4 /var/www/html/m2latest23/vendor/magento/framework/ObjectManager/Definition/Runtime.php(44): Magento\Framework\Code\Reader\ClassReader->getConstructor('Magento\\Store\\M...')
#5 /var/www/html/m2latest23/vendor/magento/framework/ObjectManager/Factory/Dynamic/Developer.php(48): Magento\Framework\ObjectMana in /var/www/html/m2latest23/vendor/magento/framework/Code/Generator.php on line 115
[23-Feb-2018 13:51:42 UTC] PHP Fatal error:  Uncaught RuntimeException: Can't create directory /var/www/html/m2latest23/generated/code/Magento/Store/Model/Website/. in [Magento\Store\Model\Website\Interceptor] in /var/www/html/m2latest23/vendor/magento/framework/Code/Generator.php:115
Stack trace:
#0 /var/www/html/m2latest23/vendor/magento/framework/Code/Generator/Autoloader.php(35): Magento\Framework\Code\Generator->generateClass('Magento\\Store\\M...')
#1 [internal function]: Magento\Framework\Code\Generator\Autoloader->load('Magento\\Store\\M...')
#2 [internal function]: spl_autoload_call('Magento\\Store\\M...')
#3 /var/www/html/m2latest23/vendor/magento/framework/Code/Reader/ClassReader.php(19): ReflectionClass->__construct('Magento\\Store\\M...')
#4 /var/www/html/m2latest23/vendor/magento/framework/ObjectManager/Definition/Runtime.php(44): Magento\Framework\Code\Reader\ClassReader->getConstructor('Magento\\Store\\M...')
#5 /var/www/html/m2latest23/vendor/magento/framework/ObjectManager/Factory/Dynamic/Developer.php(48): Magento\Framework\ObjectMana in /var/www/html/m2latest23/vendor/magento/framework/Code/Generator.php on line 115
[23-Feb-2018 13:51:43 UTC] PHP Fatal error:  Uncaught RuntimeException: Can't create directory /var/www/html/m2latest23/generated/code/Magento/Store/Model/Website/. in [Magento\Store\Model\Website\Interceptor] in /var/www/html/m2latest23/vendor/magento/framework/Code/Generator.php:115
Stack trace:
#0 /var/www/html/m2latest23/vendor/magento/framework/Code/Generator/Autoloader.php(35): Magento\Framework\Code\Generator->generateClass('Magento\\Store\\M...')
#1 [internal function]: Magento\Framework\Code\Generator\Autoloader->load('Magento\\Store\\M...')
#2 [internal function]: spl_autoload_call('Magento\\Store\\M...')
#3 /var/www/html/m2latest23/vendor/magento/framework/Code/Reader/ClassReader.php(19): ReflectionClass->__construct('Magento\\Store\\M...')
#4 /var/www/html/m2latest23/vendor/magento/framework/ObjectManager/Definition/Runtime.php(44): Magento\Framework\Code\Reader\ClassReader->getConstructor('Magento\\Store\\M...')
#5 /var/www/html/m2latest23/vendor/magento/framework/ObjectManager/Factory/Dynamic/Developer.php(48): Magento\Framework\ObjectMana in /var/www/html/m2latest23/vendor/magento/framework/Code/Generator.php on line 115
[23-Feb-2018 13:52:08 UTC] PHP Fatal error:  Uncaught RuntimeException: Can't create directory /var/www/html/m2latest23/generated/code/Magento/Store/Model/Website/. in [Magento\Store\Model\Website\Interceptor] in /var/www/html/m2latest23/vendor/magento/framework/Code/Generator.php:115
Stack trace:
#0 /var/www/html/m2latest23/vendor/magento/framework/Code/Generator/Autoloader.php(35): Magento\Framework\Code\Generator->generateClass('Magento\\Store\\M...')
#1 [internal function]: Magento\Framework\Code\Generator\Autoloader->load('Magento\\Store\\M...')
#2 [internal function]: spl_autoload_call('Magento\\Store\\M...')
#3 /var/www/html/m2latest23/vendor/magento/framework/Code/Reader/ClassReader.php(19): ReflectionClass->__construct('Magento\\Store\\M...')
#4 /var/www/html/m2latest23/vendor/magento/framework/ObjectManager/Definition/Runtime.php(44): Magento\Framework\Code\Reader\ClassReader->getConstructor('Magento\\Store\\M...')
#5 /var/www/html/m2latest23/vendor/magento/framework/ObjectManager/Factory/Dynamic/Developer.php(48): Magento\Framework\ObjectMana in /var/www/html/m2latest23/vendor/magento/framework/Code/Generator.php on line 115
[23-Feb-2018 13:52:08 UTC] PHP Fatal error:  Uncaught RuntimeException: Can't create directory /var/www/html/m2latest23/generated/code/Magento/Store/Model/Website/. in [Magento\Store\Model\Website\Interceptor] in /var/www/html/m2latest23/vendor/magento/framework/Code/Generator.php:115
Stack trace:
#0 /var/www/html/m2latest23/vendor/magento/framework/Code/Generator/Autoloader.php(35): Magento\Framework\Code\Generator->generateClass('Magento\\Store\\M...')
#1 [internal function]: Magento\Framework\Code\Generator\Autoloader->load('Magento\\Store\\M...')
#2 [internal function]: spl_autoload_call('Magento\\Store\\M...')
#3 /var/www/html/m2latest23/vendor/magento/framework/Code/Reader/ClassReader.php(19): ReflectionClass->__construct('Magento\\Store\\M...')
#4 /var/www/html/m2latest23/vendor/magento/framework/ObjectManager/Definition/Runtime.php(44): Magento\Framework\Code\Reader\ClassReader->getConstructor('Magento\\Store\\M...')
#5 /var/www/html/m2latest23/vendor/magento/framework/ObjectManager/Factory/Dynamic/Developer.php(48): Magento\Framework\ObjectMana in /var/www/html/m2latest23/vendor/magento/framework/Code/Generator.php on line 115
[23-Feb-2018 13:52:32 UTC] PHP Fatal error:  Uncaught RuntimeException: Can't create directory /var/www/html/m2latest23/generated/code/Magento/Store/Model/Website/. in [Magento\Store\Model\Website\Interceptor] in /var/www/html/m2latest23/vendor/magento/framework/Code/Generator.php:115
Stack trace:
#0 /var/www/html/m2latest23/vendor/magento/framework/Code/Generator/Autoloader.php(35): Magento\Framework\Code\Generator->generateClass('Magento\\Store\\M...')
#1 [internal function]: Magento\Framework\Code\Generator\Autoloader->load('Magento\\Store\\M...')
#2 [internal function]: spl_autoload_call('Magento\\Store\\M...')
#3 /var/www/html/m2latest23/vendor/magento/framework/Code/Reader/ClassReader.php(19): ReflectionClass->__construct('Magento\\Store\\M...')
#4 /var/www/html/m2latest23/vendor/magento/framework/ObjectManager/Definition/Runtime.php(44): Magento\Framework\Code\Reader\ClassReader->getConstructor('Magento\\Store\\M...')
#5 /var/www/html/m2latest23/vendor/magento/framework/ObjectManager/Factory/Dynamic/Developer.php(48): Magento\Framework\ObjectMana in /var/www/html/m2latest23/vendor/magento/framework/Code/Generator.php on line 115
[23-Feb-2018 13:52:33 UTC] PHP Fatal error:  Uncaught RuntimeException: Can't create directory /var/www/html/m2latest23/generated/code/Magento/Store/Model/Website/. in [Magento\Store\Model\Website\Interceptor] in /var/www/html/m2latest23/vendor/magento/framework/Code/Generator.php:115
Stack trace:
#0 /var/www/html/m2latest23/vendor/magento/framework/Code/Generator/Autoloader.php(35): Magento\Framework\Code\Generator->generateClass('Magento\\Store\\M...')
#1 [internal function]: Magento\Framework\Code\Generator\Autoloader->load('Magento\\Store\\M...')
#2 [internal function]: spl_autoload_call('Magento\\Store\\M...')
#3 /var/www/html/m2latest23/vendor/magento/framework/Code/Reader/ClassReader.php(19): ReflectionClass->__construct('Magento\\Store\\M...')
#4 /var/www/html/m2latest23/vendor/magento/framework/ObjectManager/Definition/Runtime.php(44): Magento\Framework\Code\Reader\ClassReader->getConstructor('Magento\\Store\\M...')
#5 /var/www/html/m2latest23/vendor/magento/framework/ObjectManager/Factory/Dynamic/Developer.php(48): Magento\Framework\ObjectMana in /var/www/html/m2latest23/vendor/magento/framework/Code/Generator.php on line 115
[23-Feb-2018 13:52:57 UTC] PHP Fatal error:  Uncaught RuntimeException: Can't create directory /var/www/html/m2latest23/generated/code/Magento/Store/Model/Website/. in [Magento\Store\Model\Website\Interceptor] in /var/www/html/m2latest23/vendor/magento/framework/Code/Generator.php:115
Stack trace:
#0 /var/www/html/m2latest23/vendor/magento/framework/Code/Generator/Autoloader.php(35): Magento\Framework\Code\Generator->generateClass('Magento\\Store\\M...')
#1 [internal function]: Magento\Framework\Code\Generator\Autoloader->load('Magento\\Store\\M...')
#2 [internal function]: spl_autoload_call('Magento\\Store\\M...')
#3 /var/www/html/m2latest23/vendor/magento/framework/Code/Reader/ClassReader.php(19): ReflectionClass->__construct('Magento\\Store\\M...')
#4 /var/www/html/m2latest23/vendor/magento/framework/ObjectManager/Definition/Runtime.php(44): Magento\Framework\Code\Reader\ClassReader->getConstructor('Magento\\Store\\M...')
#5 /var/www/html/m2latest23/vendor/magento/framework/ObjectManager/Factory/Dynamic/Developer.php(48): Magento\Framework\ObjectMana in /var/www/html/m2latest23/vendor/magento/framework/Code/Generator.php on line 115
[23-Feb-2018 13:52:58 UTC] PHP Fatal error:  Uncaught RuntimeException: Can't create directory /var/www/html/m2latest23/generated/code/Magento/Store/Model/Website/. in [Magento\Store\Model\Website\Interceptor] in /var/www/html/m2latest23/vendor/magento/framework/Code/Generator.php:115
Stack trace:
#0 /var/www/html/m2latest23/vendor/magento/framework/Code/Generator/Autoloader.php(35): Magento\Framework\Code\Generator->generateClass('Magento\\Store\\M...')
#1 [internal function]: Magento\Framework\Code\Generator\Autoloader->load('Magento\\Store\\M...')
#2 [internal function]: spl_autoload_call('Magento\\Store\\M...')
#3 /var/www/html/m2latest23/vendor/magento/framework/Code/Reader/ClassReader.php(19): ReflectionClass->__construct('Magento\\Store\\M...')
#4 /var/www/html/m2latest23/vendor/magento/framework/ObjectManager/Definition/Runtime.php(44): Magento\Framework\Code\Reader\ClassReader->getConstructor('Magento\\Store\\M...')
#5 /var/www/html/m2latest23/vendor/magento/framework/ObjectManager/Factory/Dynamic/Developer.php(48): Magento\Framework\ObjectMana in /var/www/html/m2latest23/vendor/magento/framework/Code/Generator.php on line 115
[23-Feb-2018 13:53:23 UTC] PHP Fatal error:  Uncaught RuntimeException: Can't create directory /var/www/html/m2latest23/generated/code/Magento/Store/Model/Website/. in [Magento\Store\Model\Website\Interceptor] in /var/www/html/m2latest23/vendor/magento/framework/Code/Generator.php:115
Stack trace:
#0 /var/www/html/m2latest23/vendor/magento/framework/Code/Generator/Autoloader.php(35): Magento\Framework\Code\Generator->generateClass('Magento\\Store\\M...')
#1 [internal function]: Magento\Framework\Code\Generator\Autoloader->load('Magento\\Store\\M...')
#2 [internal function]: spl_autoload_call('Magento\\Store\\M...')
#3 /var/www/html/m2latest23/vendor/magento/framework/Code/Reader/ClassReader.php(19): ReflectionClass->__construct('Magento\\Store\\M...')
#4 /var/www/html/m2latest23/vendor/magento/framework/ObjectManager/Definition/Runtime.php(44): Magento\Framework\Code\Reader\ClassReader->getConstructor('Magento\\Store\\M...')
#5 /var/www/html/m2latest23/vendor/magento/framework/ObjectManager/Factory/Dynamic/Developer.php(48): Magento\Framework\ObjectMana in /var/www/html/m2latest23/vendor/magento/framework/Code/Generator.php on line 115
[23-Feb-2018 13:53:24 UTC] PHP Fatal error:  Uncaught RuntimeException: Can't create directory /var/www/html/m2latest23/generated/code/Magento/Store/Model/Website/. in [Magento\Store\Model\Website\Interceptor] in /var/www/html/m2latest23/vendor/magento/framework/Code/Generator.php:115
Stack trace:
#0 /var/www/html/m2latest23/vendor/magento/framework/Code/Generator/Autoloader.php(35): Magento\Framework\Code\Generator->generateClass('Magento\\Store\\M...')
#1 [internal function]: Magento\Framework\Code\Generator\Autoloader->load('Magento\\Store\\M...')
#2 [internal function]: spl_autoload_call('Magento\\Store\\M...')
#3 /var/www/html/m2latest23/vendor/magento/framework/Code/Reader/ClassReader.php(19): ReflectionClass->__construct('Magento\\Store\\M...')
#4 /var/www/html/m2latest23/vendor/magento/framework/ObjectManager/Definition/Runtime.php(44): Magento\Framework\Code\Reader\ClassReader->getConstructor('Magento\\Store\\M...')
#5 /var/www/html/m2latest23/vendor/magento/framework/ObjectManager/Factory/Dynamic/Developer.php(48): Magento\Framework\ObjectMana in /var/www/html/m2latest23/vendor/magento/framework/Code/Generator.php on line 115
[23-Feb-2018 13:53:47 UTC] PHP Fatal error:  Uncaught RuntimeException: Can't create directory /var/www/html/m2latest23/generated/code/Magento/Store/Model/Website/. in [Magento\Store\Model\Website\Interceptor] in /var/www/html/m2latest23/vendor/magento/framework/Code/Generator.php:115
Stack trace:
#0 /var/www/html/m2latest23/vendor/magento/framework/Code/Generator/Autoloader.php(35): Magento\Framework\Code\Generator->generateClass('Magento\\Store\\M...')
#1 [internal function]: Magento\Framework\Code\Generator\Autoloader->load('Magento\\Store\\M...')
#2 [internal function]: spl_autoload_call('Magento\\Store\\M...')
#3 /var/www/html/m2latest23/vendor/magento/framework/Code/Reader/ClassReader.php(19): ReflectionClass->__construct('Magento\\Store\\M...')
#4 /var/www/html/m2latest23/vendor/magento/framework/ObjectManager/Definition/Runtime.php(44): Magento\Framework\Code\Reader\ClassReader->getConstructor('Magento\\Store\\M...')
#5 /var/www/html/m2latest23/vendor/magento/framework/ObjectManager/Factory/Dynamic/Developer.php(48): Magento\Framework\ObjectMana in /var/www/html/m2latest23/vendor/magento/framework/Code/Generator.php on line 115
[23-Feb-2018 13:53:48 UTC] PHP Fatal error:  Uncaught RuntimeException: Can't create directory /var/www/html/m2latest23/generated/code/Magento/Store/Model/Website/. in [Magento\Store\Model\Website\Interceptor] in /var/www/html/m2latest23/vendor/magento/framework/Code/Generator.php:115
Stack trace:
#0 /var/www/html/m2latest23/vendor/magento/framework/Code/Generator/Autoloader.php(35): Magento\Framework\Code\Generator->generateClass('Magento\\Store\\M...')
#1 [internal function]: Magento\Framework\Code\Generator\Autoloader->load('Magento\\Store\\M...')
#2 [internal function]: spl_autoload_call('Magento\\Store\\M...')
#3 /var/www/html/m2latest23/vendor/magento/framework/Code/Reader/ClassReader.php(19): ReflectionClass->__construct('Magento\\Store\\M...')
#4 /var/www/html/m2latest23/vendor/magento/framework/ObjectManager/Definition/Runtime.php(44): Magento\Framework\Code\Reader\ClassReader->getConstructor('Magento\\Store\\M...')
#5 /var/www/html/m2latest23/vendor/magento/framework/ObjectManager/Factory/Dynamic/Developer.php(48): Magento\Framework\ObjectMana in /var/www/html/m2latest23/vendor/magento/framework/Code/Generator.php on line 115
[23-Feb-2018 13:54:12 UTC] PHP Fatal error:  Uncaught RuntimeException: Can't create directory /var/www/html/m2latest23/generated/code/Magento/Store/Model/Website/. in [Magento\Store\Model\Website\Interceptor] in /var/www/html/m2latest23/vendor/magento/framework/Code/Generator.php:115
Stack trace:
#0 /var/www/html/m2latest23/vendor/magento/framework/Code/Generator/Autoloader.php(35): Magento\Framework\Code\Generator->generateClass('Magento\\Store\\M...')
#1 [internal function]: Magento\Framework\Code\Generator\Autoloader->load('Magento\\Store\\M...')
#2 [internal function]: spl_autoload_call('Magento\\Store\\M...')
#3 /var/www/html/m2latest23/vendor/magento/framework/Code/Reader/ClassReader.php(19): ReflectionClass->__construct('Magento\\Store\\M...')
#4 /var/www/html/m2latest23/vendor/magento/framework/ObjectManager/Definition/Runtime.php(44): Magento\Framework\Code\Reader\ClassReader->getConstructor('Magento\\Store\\M...')
#5 /var/www/html/m2latest23/vendor/magento/framework/ObjectManager/Factory/Dynamic/Developer.php(48): Magento\Framework\ObjectMana in /var/www/html/m2latest23/vendor/magento/framework/Code/Generator.php on line 115
[23-Feb-2018 13:54:13 UTC] PHP Fatal error:  Uncaught RuntimeException: Can't create directory /var/www/html/m2latest23/generated/code/Magento/Store/Model/Website/. in [Magento\Store\Model\Website\Interceptor] in /var/www/html/m2latest23/vendor/magento/framework/Code/Generator.php:115
Stack trace:
#0 /var/www/html/m2latest23/vendor/magento/framework/Code/Generator/Autoloader.php(35): Magento\Framework\Code\Generator->generateClass('Magento\\Store\\M...')
#1 [internal function]: Magento\Framework\Code\Generator\Autoloader->load('Magento\\Store\\M...')
#2 [internal function]: spl_autoload_call('Magento\\Store\\M...')
#3 /var/www/html/m2latest23/vendor/magento/framework/Code/Reader/ClassReader.php(19): ReflectionClass->__construct('Magento\\Store\\M...')
#4 /var/www/html/m2latest23/vendor/magento/framework/ObjectManager/Definition/Runtime.php(44): Magento\Framework\Code\Reader\ClassReader->getConstructor('Magento\\Store\\M...')
#5 /var/www/html/m2latest23/vendor/magento/framework/ObjectManager/Factory/Dynamic/Developer.php(48): Magento\Framework\ObjectMana in /var/www/html/m2latest23/vendor/magento/framework/Code/Generator.php on line 115
[23-Feb-2018 13:54:37 UTC] PHP Fatal error:  Uncaught RuntimeException: Can't create directory /var/www/html/m2latest23/generated/code/Magento/Store/Model/Website/. in [Magento\Store\Model\Website\Interceptor] in /var/www/html/m2latest23/vendor/magento/framework/Code/Generator.php:115
Stack trace:
#0 /var/www/html/m2latest23/vendor/magento/framework/Code/Generator/Autoloader.php(35): Magento\Framework\Code\Generator->generateClass('Magento\\Store\\M...')
#1 [internal function]: Magento\Framework\Code\Generator\Autoloader->load('Magento\\Store\\M...')
#2 [internal function]: spl_autoload_call('Magento\\Store\\M...')
#3 /var/www/html/m2latest23/vendor/magento/framework/Code/Reader/ClassReader.php(19): ReflectionClass->__construct('Magento\\Store\\M...')
#4 /var/www/html/m2latest23/vendor/magento/framework/ObjectManager/Definition/Runtime.php(44): Magento\Framework\Code\Reader\ClassReader->getConstructor('Magento\\Store\\M...')
#5 /var/www/html/m2latest23/vendor/magento/framework/ObjectManager/Factory/Dynamic/Developer.php(48): Magento\Framework\ObjectMana in /var/www/html/m2latest23/vendor/magento/framework/Code/Generator.php on line 115
[23-Feb-2018 13:54:38 UTC] PHP Fatal error:  Uncaught RuntimeException: Can't create directory /var/www/html/m2latest23/generated/code/Magento/Store/Model/Website/. in [Magento\Store\Model\Website\Interceptor] in /var/www/html/m2latest23/vendor/magento/framework/Code/Generator.php:115
Stack trace:
#0 /var/www/html/m2latest23/vendor/magento/framework/Code/Generator/Autoloader.php(35): Magento\Framework\Code\Generator->generateClass('Magento\\Store\\M...')
#1 [internal function]: Magento\Framework\Code\Generator\Autoloader->load('Magento\\Store\\M...')
#2 [internal function]: spl_autoload_call('Magento\\Store\\M...')
#3 /var/www/html/m2latest23/vendor/magento/framework/Code/Reader/ClassReader.php(19): ReflectionClass->__construct('Magento\\Store\\M...')
#4 /var/www/html/m2latest23/vendor/magento/framework/ObjectManager/Definition/Runtime.php(44): Magento\Framework\Code\Reader\ClassReader->getConstructor('Magento\\Store\\M...')
#5 /var/www/html/m2latest23/vendor/magento/framework/ObjectManager/Factory/Dynamic/Developer.php(48): Magento\Framework\ObjectMana in /var/www/html/m2latest23/vendor/magento/framework/Code/Generator.php on line 115
[23-Feb-2018 13:55:03 UTC] PHP Fatal error:  Uncaught RuntimeException: Can't create directory /var/www/html/m2latest23/generated/code/Magento/Store/Model/Website/. in [Magento\Store\Model\Website\Interceptor] in /var/www/html/m2latest23/vendor/magento/framework/Code/Generator.php:115
Stack trace:
#0 /var/www/html/m2latest23/vendor/magento/framework/Code/Generator/Autoloader.php(35): Magento\Framework\Code\Generator->generateClass('Magento\\Store\\M...')
#1 [internal function]: Magento\Framework\Code\Generator\Autoloader->load('Magento\\Store\\M...')
#2 [internal function]: spl_autoload_call('Magento\\Store\\M...')
#3 /var/www/html/m2latest23/vendor/magento/framework/Code/Reader/ClassReader.php(19): ReflectionClass->__construct('Magento\\Store\\M...')
#4 /var/www/html/m2latest23/vendor/magento/framework/ObjectManager/Definition/Runtime.php(44): Magento\Framework\Code\Reader\ClassReader->getConstructor('Magento\\Store\\M...')
#5 /var/www/html/m2latest23/vendor/magento/framework/ObjectManager/Factory/Dynamic/Developer.php(48): Magento\Framework\ObjectMana in /var/www/html/m2latest23/vendor/magento/framework/Code/Generator.php on line 115
[23-Feb-2018 13:55:04 UTC] PHP Fatal error:  Uncaught RuntimeException: Can't create directory /var/www/html/m2latest23/generated/code/Magento/Store/Model/Website/. in [Magento\Store\Model\Website\Interceptor] in /var/www/html/m2latest23/vendor/magento/framework/Code/Generator.php:115
Stack trace:
#0 /var/www/html/m2latest23/vendor/magento/framework/Code/Generator/Autoloader.php(35): Magento\Framework\Code\Generator->generateClass('Magento\\Store\\M...')
#1 [internal function]: Magento\Framework\Code\Generator\Autoloader->load('Magento\\Store\\M...')
#2 [internal function]: spl_autoload_call('Magento\\Store\\M...')
#3 /var/www/html/m2latest23/vendor/magento/framework/Code/Reader/ClassReader.php(19): ReflectionClass->__construct('Magento\\Store\\M...')
#4 /var/www/html/m2latest23/vendor/magento/framework/ObjectManager/Definition/Runtime.php(44): Magento\Framework\Code\Reader\ClassReader->getConstructor('Magento\\Store\\M...')
#5 /var/www/html/m2latest23/vendor/magento/framework/ObjectManager/Factory/Dynamic/Developer.php(48): Magento\Framework\ObjectMana in /var/www/html/m2latest23/vendor/magento/framework/Code/Generator.php on line 115
[23-Feb-2018 13:55:27 UTC] PHP Fatal error:  Uncaught RuntimeException: Can't create directory /var/www/html/m2latest23/generated/code/Magento/Store/Model/Website/. in [Magento\Store\Model\Website\Interceptor] in /var/www/html/m2latest23/vendor/magento/framework/Code/Generator.php:115
Stack trace:
#0 /var/www/html/m2latest23/vendor/magento/framework/Code/Generator/Autoloader.php(35): Magento\Framework\Code\Generator->generateClass('Magento\\Store\\M...')
#1 [internal function]: Magento\Framework\Code\Generator\Autoloader->load('Magento\\Store\\M...')
#2 [internal function]: spl_autoload_call('Magento\\Store\\M...')
#3 /var/www/html/m2latest23/vendor/magento/framework/Code/Reader/ClassReader.php(19): ReflectionClass->__construct('Magento\\Store\\M...')
#4 /var/www/html/m2latest23/vendor/magento/framework/ObjectManager/Definition/Runtime.php(44): Magento\Framework\Code\Reader\ClassReader->getConstructor('Magento\\Store\\M...')
#5 /var/www/html/m2latest23/vendor/magento/framework/ObjectManager/Factory/Dynamic/Developer.php(48): Magento\Framework\ObjectMana in /var/www/html/m2latest23/vendor/magento/framework/Code/Generator.php on line 115
[23-Feb-2018 13:55:28 UTC] PHP Fatal error:  Uncaught RuntimeException: Can't create directory /var/www/html/m2latest23/generated/code/Magento/Store/Model/Website/. in [Magento\Store\Model\Website\Interceptor] in /var/www/html/m2latest23/vendor/magento/framework/Code/Generator.php:115
Stack trace:
#0 /var/www/html/m2latest23/vendor/magento/framework/Code/Generator/Autoloader.php(35): Magento\Framework\Code\Generator->generateClass('Magento\\Store\\M...')
#1 [internal function]: Magento\Framework\Code\Generator\Autoloader->load('Magento\\Store\\M...')
#2 [internal function]: spl_autoload_call('Magento\\Store\\M...')
#3 /var/www/html/m2latest23/vendor/magento/framework/Code/Reader/ClassReader.php(19): ReflectionClass->__construct('Magento\\Store\\M...')
#4 /var/www/html/m2latest23/vendor/magento/framework/ObjectManager/Definition/Runtime.php(44): Magento\Framework\Code\Reader\ClassReader->getConstructor('Magento\\Store\\M...')
#5 /var/www/html/m2latest23/vendor/magento/framework/ObjectManager/Factory/Dynamic/Developer.php(48): Magento\Framework\ObjectMana in /var/www/html/m2latest23/vendor/magento/framework/Code/Generator.php on line 115
[23-Feb-2018 13:55:52 UTC] PHP Fatal error:  Uncaught RuntimeException: Can't create directory /var/www/html/m2latest23/generated/code/Magento/Store/Model/Website/. in [Magento\Store\Model\Website\Interceptor] in /var/www/html/m2latest23/vendor/magento/framework/Code/Generator.php:115
Stack trace:
#0 /var/www/html/m2latest23/vendor/magento/framework/Code/Generator/Autoloader.php(35): Magento\Framework\Code\Generator->generateClass('Magento\\Store\\M...')
#1 [internal function]: Magento\Framework\Code\Generator\Autoloader->load('Magento\\Store\\M...')
#2 [internal function]: spl_autoload_call('Magento\\Store\\M...')
#3 /var/www/html/m2latest23/vendor/magento/framework/Code/Reader/ClassReader.php(19): ReflectionClass->__construct('Magento\\Store\\M...')
#4 /var/www/html/m2latest23/vendor/magento/framework/ObjectManager/Definition/Runtime.php(44): Magento\Framework\Code\Reader\ClassReader->getConstructor('Magento\\Store\\M...')
#5 /var/www/html/m2latest23/vendor/magento/framework/ObjectManager/Factory/Dynamic/Developer.php(48): Magento\Framework\ObjectMana in /var/www/html/m2latest23/vendor/magento/framework/Code/Generator.php on line 115
[23-Feb-2018 13:55:53 UTC] PHP Fatal error:  Uncaught RuntimeException: Can't create directory /var/www/html/m2latest23/generated/code/Magento/Store/Model/Website/. in [Magento\Store\Model\Website\Interceptor] in /var/www/html/m2latest23/vendor/magento/framework/Code/Generator.php:115
Stack trace:
#0 /var/www/html/m2latest23/vendor/magento/framework/Code/Generator/Autoloader.php(35): Magento\Framework\Code\Generator->generateClass('Magento\\Store\\M...')
#1 [internal function]: Magento\Framework\Code\Generator\Autoloader->load('Magento\\Store\\M...')
#2 [internal function]: spl_autoload_call('Magento\\Store\\M...')
#3 /var/www/html/m2latest23/vendor/magento/framework/Code/Reader/ClassReader.php(19): ReflectionClass->__construct('Magento\\Store\\M...')
#4 /var/www/html/m2latest23/vendor/magento/framework/ObjectManager/Definition/Runtime.php(44): Magento\Framework\Code\Reader\ClassReader->getConstructor('Magento\\Store\\M...')
#5 /var/www/html/m2latest23/vendor/magento/framework/ObjectManager/Factory/Dynamic/Developer.php(48): Magento\Framework\ObjectMana in /var/www/html/m2latest23/vendor/magento/framework/Code/Generator.php on line 115
[23-Feb-2018 13:56:17 UTC] PHP Fatal error:  Uncaught RuntimeException: Can't create directory /var/www/html/m2latest23/generated/code/Magento/Store/Model/Website/. in [Magento\Store\Model\Website\Interceptor] in /var/www/html/m2latest23/vendor/magento/framework/Code/Generator.php:115
Stack trace:
#0 /var/www/html/m2latest23/vendor/magento/framework/Code/Generator/Autoloader.php(35): Magento\Framework\Code\Generator->generateClass('Magento\\Store\\M...')
#1 [internal function]: Magento\Framework\Code\Generator\Autoloader->load('Magento\\Store\\M...')
#2 [internal function]: spl_autoload_call('Magento\\Store\\M...')
#3 /var/www/html/m2latest23/vendor/magento/framework/Code/Reader/ClassReader.php(19): ReflectionClass->__construct('Magento\\Store\\M...')
#4 /var/www/html/m2latest23/vendor/magento/framework/ObjectManager/Definition/Runtime.php(44): Magento\Framework\Code\Reader\ClassReader->getConstructor('Magento\\Store\\M...')
#5 /var/www/html/m2latest23/vendor/magento/framework/ObjectManager/Factory/Dynamic/Developer.php(48): Magento\Framework\ObjectMana in /var/www/html/m2latest23/vendor/magento/framework/Code/Generator.php on line 115
[23-Feb-2018 13:56:19 UTC] PHP Fatal error:  Uncaught RuntimeException: Can't create directory /var/www/html/m2latest23/generated/code/Magento/Store/Model/Website/. in [Magento\Store\Model\Website\Interceptor] in /var/www/html/m2latest23/vendor/magento/framework/Code/Generator.php:115
Stack trace:
#0 /var/www/html/m2latest23/vendor/magento/framework/Code/Generator/Autoloader.php(35): Magento\Framework\Code\Generator->generateClass('Magento\\Store\\M...')
#1 [internal function]: Magento\Framework\Code\Generator\Autoloader->load('Magento\\Store\\M...')
#2 [internal function]: spl_autoload_call('Magento\\Store\\M...')
#3 /var/www/html/m2latest23/vendor/magento/framework/Code/Reader/ClassReader.php(19): ReflectionClass->__construct('Magento\\Store\\M...')
#4 /var/www/html/m2latest23/vendor/magento/framework/ObjectManager/Definition/Runtime.php(44): Magento\Framework\Code\Reader\ClassReader->getConstructor('Magento\\Store\\M...')
#5 /var/www/html/m2latest23/vendor/magento/framework/ObjectManager/Factory/Dynamic/Developer.php(48): Magento\Framework\ObjectMana in /var/www/html/m2latest23/vendor/magento/framework/Code/Generator.php on line 115
[23-Feb-2018 13:56:42 UTC] PHP Fatal error:  Uncaught RuntimeException: Can't create directory /var/www/html/m2latest23/generated/code/Magento/Store/Model/Website/. in [Magento\Store\Model\Website\Interceptor] in /var/www/html/m2latest23/vendor/magento/framework/Code/Generator.php:115
Stack trace:
#0 /var/www/html/m2latest23/vendor/magento/framework/Code/Generator/Autoloader.php(35): Magento\Framework\Code\Generator->generateClass('Magento\\Store\\M...')
#1 [internal function]: Magento\Framework\Code\Generator\Autoloader->load('Magento\\Store\\M...')
#2 [internal function]: spl_autoload_call('Magento\\Store\\M...')
#3 /var/www/html/m2latest23/vendor/magento/framework/Code/Reader/ClassReader.php(19): ReflectionClass->__construct('Magento\\Store\\M...')
#4 /var/www/html/m2latest23/vendor/magento/framework/ObjectManager/Definition/Runtime.php(44): Magento\Framework\Code\Reader\ClassReader->getConstructor('Magento\\Store\\M...')
#5 /var/www/html/m2latest23/vendor/magento/framework/ObjectManager/Factory/Dynamic/Developer.php(48): Magento\Framework\ObjectMana in /var/www/html/m2latest23/vendor/magento/framework/Code/Generator.php on line 115
[23-Feb-2018 13:56:43 UTC] PHP Fatal error:  Uncaught RuntimeException: Can't create directory /var/www/html/m2latest23/generated/code/Magento/Store/Model/Website/. in [Magento\Store\Model\Website\Interceptor] in /var/www/html/m2latest23/vendor/magento/framework/Code/Generator.php:115
Stack trace:
#0 /var/www/html/m2latest23/vendor/magento/framework/Code/Generator/Autoloader.php(35): Magento\Framework\Code\Generator->generateClass('Magento\\Store\\M...')
#1 [internal function]: Magento\Framework\Code\Generator\Autoloader->load('Magento\\Store\\M...')
#2 [internal function]: spl_autoload_call('Magento\\Store\\M...')
#3 /var/www/html/m2latest23/vendor/magento/framework/Code/Reader/ClassReader.php(19): ReflectionClass->__construct('Magento\\Store\\M...')
#4 /var/www/html/m2latest23/vendor/magento/framework/ObjectManager/Definition/Runtime.php(44): Magento\Framework\Code\Reader\ClassReader->getConstructor('Magento\\Store\\M...')
#5 /var/www/html/m2latest23/vendor/magento/framework/ObjectManager/Factory/Dynamic/Developer.php(48): Magento\Framework\ObjectMana in /var/www/html/m2latest23/vendor/magento/framework/Code/Generator.php on line 115
[23-Feb-2018 13:57:07 UTC] PHP Fatal error:  Uncaught RuntimeException: Can't create directory /var/www/html/m2latest23/generated/code/Magento/Store/Model/Website/. in [Magento\Store\Model\Website\Interceptor] in /var/www/html/m2latest23/vendor/magento/framework/Code/Generator.php:115
Stack trace:
#0 /var/www/html/m2latest23/vendor/magento/framework/Code/Generator/Autoloader.php(35): Magento\Framework\Code\Generator->generateClass('Magento\\Store\\M...')
#1 [internal function]: Magento\Framework\Code\Generator\Autoloader->load('Magento\\Store\\M...')
#2 [internal function]: spl_autoload_call('Magento\\Store\\M...')
#3 /var/www/html/m2latest23/vendor/magento/framework/Code/Reader/ClassReader.php(19): ReflectionClass->__construct('Magento\\Store\\M...')
#4 /var/www/html/m2latest23/vendor/magento/framework/ObjectManager/Definition/Runtime.php(44): Magento\Framework\Code\Reader\ClassReader->getConstructor('Magento\\Store\\M...')
#5 /var/www/html/m2latest23/vendor/magento/framework/ObjectManager/Factory/Dynamic/Developer.php(48): Magento\Framework\ObjectMana in /var/www/html/m2latest23/vendor/magento/framework/Code/Generator.php on line 115
[23-Feb-2018 13:57:09 UTC] PHP Fatal error:  Uncaught RuntimeException: Can't create directory /var/www/html/m2latest23/generated/code/Magento/Store/Model/Website/. in [Magento\Store\Model\Website\Interceptor] in /var/www/html/m2latest23/vendor/magento/framework/Code/Generator.php:115
Stack trace:
#0 /var/www/html/m2latest23/vendor/magento/framework/Code/Generator/Autoloader.php(35): Magento\Framework\Code\Generator->generateClass('Magento\\Store\\M...')
#1 [internal function]: Magento\Framework\Code\Generator\Autoloader->load('Magento\\Store\\M...')
#2 [internal function]: spl_autoload_call('Magento\\Store\\M...')
#3 /var/www/html/m2latest23/vendor/magento/framework/Code/Reader/ClassReader.php(19): ReflectionClass->__construct('Magento\\Store\\M...')
#4 /var/www/html/m2latest23/vendor/magento/framework/ObjectManager/Definition/Runtime.php(44): Magento\Framework\Code\Reader\ClassReader->getConstructor('Magento\\Store\\M...')
#5 /var/www/html/m2latest23/vendor/magento/framework/ObjectManager/Factory/Dynamic/Developer.php(48): Magento\Framework\ObjectMana in /var/www/html/m2latest23/vendor/magento/framework/Code/Generator.php on line 115
[23-Feb-2018 13:57:32 UTC] PHP Fatal error:  Uncaught RuntimeException: Can't create directory /var/www/html/m2latest23/generated/code/Magento/Store/Model/Website/. in [Magento\Store\Model\Website\Interceptor] in /var/www/html/m2latest23/vendor/magento/framework/Code/Generator.php:115
Stack trace:
#0 /var/www/html/m2latest23/vendor/magento/framework/Code/Generator/Autoloader.php(35): Magento\Framework\Code\Generator->generateClass('Magento\\Store\\M...')
#1 [internal function]: Magento\Framework\Code\Generator\Autoloader->load('Magento\\Store\\M...')
#2 [internal function]: spl_autoload_call('Magento\\Store\\M...')
#3 /var/www/html/m2latest23/vendor/magento/framework/Code/Reader/ClassReader.php(19): ReflectionClass->__construct('Magento\\Store\\M...')
#4 /var/www/html/m2latest23/vendor/magento/framework/ObjectManager/Definition/Runtime.php(44): Magento\Framework\Code\Reader\ClassReader->getConstructor('Magento\\Store\\M...')
#5 /var/www/html/m2latest23/vendor/magento/framework/ObjectManager/Factory/Dynamic/Developer.php(48): Magento\Framework\ObjectMana in /var/www/html/m2latest23/vendor/magento/framework/Code/Generator.php on line 115
[23-Feb-2018 13:57:33 UTC] PHP Fatal error:  Uncaught RuntimeException: Can't create directory /var/www/html/m2latest23/generated/code/Magento/Store/Model/Website/. in [Magento\Store\Model\Website\Interceptor] in /var/www/html/m2latest23/vendor/magento/framework/Code/Generator.php:115
Stack trace:
#0 /var/www/html/m2latest23/vendor/magento/framework/Code/Generator/Autoloader.php(35): Magento\Framework\Code\Generator->generateClass('Magento\\Store\\M...')
#1 [internal function]: Magento\Framework\Code\Generator\Autoloader->load('Magento\\Store\\M...')
#2 [internal function]: spl_autoload_call('Magento\\Store\\M...')
#3 /var/www/html/m2latest23/vendor/magento/framework/Code/Reader/ClassReader.php(19): ReflectionClass->__construct('Magento\\Store\\M...')
#4 /var/www/html/m2latest23/vendor/magento/framework/ObjectManager/Definition/Runtime.php(44): Magento\Framework\Code\Reader\ClassReader->getConstructor('Magento\\Store\\M...')
#5 /var/www/html/m2latest23/vendor/magento/framework/ObjectManager/Factory/Dynamic/Developer.php(48): Magento\Framework\ObjectMana in /var/www/html/m2latest23/vendor/magento/framework/Code/Generator.php on line 115
[23-Feb-2018 13:57:58 UTC] PHP Fatal error:  Uncaught RuntimeException: Can't create directory /var/www/html/m2latest23/generated/code/Magento/Store/Model/Website/. in [Magento\Store\Model\Website\Interceptor] in /var/www/html/m2latest23/vendor/magento/framework/Code/Generator.php:115
Stack trace:
#0 /var/www/html/m2latest23/vendor/magento/framework/Code/Generator/Autoloader.php(35): Magento\Framework\Code\Generator->generateClass('Magento\\Store\\M...')
#1 [internal function]: Magento\Framework\Code\Generator\Autoloader->load('Magento\\Store\\M...')
#2 [internal function]: spl_autoload_call('Magento\\Store\\M...')
#3 /var/www/html/m2latest23/vendor/magento/framework/Code/Reader/ClassReader.php(19): ReflectionClass->__construct('Magento\\Store\\M...')
#4 /var/www/html/m2latest23/vendor/magento/framework/ObjectManager/Definition/Runtime.php(44): Magento\Framework\Code\Reader\ClassReader->getConstructor('Magento\\Store\\M...')
#5 /var/www/html/m2latest23/vendor/magento/framework/ObjectManager/Factory/Dynamic/Developer.php(48): Magento\Framework\ObjectMana in /var/www/html/m2latest23/vendor/magento/framework/Code/Generator.php on line 115
[23-Feb-2018 13:57:59 UTC] PHP Fatal error:  Uncaught RuntimeException: Can't create directory /var/www/html/m2latest23/generated/code/Magento/Store/Model/Website/. in [Magento\Store\Model\Website\Interceptor] in /var/www/html/m2latest23/vendor/magento/framework/Code/Generator.php:115
Stack trace:
#0 /var/www/html/m2latest23/vendor/magento/framework/Code/Generator/Autoloader.php(35): Magento\Framework\Code\Generator->generateClass('Magento\\Store\\M...')
#1 [internal function]: Magento\Framework\Code\Generator\Autoloader->load('Magento\\Store\\M...')
#2 [internal function]: spl_autoload_call('Magento\\Store\\M...')
#3 /var/www/html/m2latest23/vendor/magento/framework/Code/Reader/ClassReader.php(19): ReflectionClass->__construct('Magento\\Store\\M...')
#4 /var/www/html/m2latest23/vendor/magento/framework/ObjectManager/Definition/Runtime.php(44): Magento\Framework\Code\Reader\ClassReader->getConstructor('Magento\\Store\\M...')
#5 /var/www/html/m2latest23/vendor/magento/framework/ObjectManager/Factory/Dynamic/Developer.php(48): Magento\Framework\ObjectMana in /var/www/html/m2latest23/vendor/magento/framework/Code/Generator.php on line 115
[23-Feb-2018 13:58:22 UTC] PHP Fatal error:  Uncaught RuntimeException: Can't create directory /var/www/html/m2latest23/generated/code/Magento/Store/Model/Website/. in [Magento\Store\Model\Website\Interceptor] in /var/www/html/m2latest23/vendor/magento/framework/Code/Generator.php:115
Stack trace:
#0 /var/www/html/m2latest23/vendor/magento/framework/Code/Generator/Autoloader.php(35): Magento\Framework\Code\Generator->generateClass('Magento\\Store\\M...')
#1 [internal function]: Magento\Framework\Code\Generator\Autoloader->load('Magento\\Store\\M...')
#2 [internal function]: spl_autoload_call('Magento\\Store\\M...')
#3 /var/www/html/m2latest23/vendor/magento/framework/Code/Reader/ClassReader.php(19): ReflectionClass->__construct('Magento\\Store\\M...')
#4 /var/www/html/m2latest23/vendor/magento/framework/ObjectManager/Definition/Runtime.php(44): Magento\Framework\Code\Reader\ClassReader->getConstructor('Magento\\Store\\M...')
#5 /var/www/html/m2latest23/vendor/magento/framework/ObjectManager/Factory/Dynamic/Developer.php(48): Magento\Framework\ObjectMana in /var/www/html/m2latest23/vendor/magento/framework/Code/Generator.php on line 115
[23-Feb-2018 13:58:23 UTC] PHP Fatal error:  Uncaught RuntimeException: Can't create directory /var/www/html/m2latest23/generated/code/Magento/Store/Model/Website/. in [Magento\Store\Model\Website\Interceptor] in /var/www/html/m2latest23/vendor/magento/framework/Code/Generator.php:115
Stack trace:
#0 /var/www/html/m2latest23/vendor/magento/framework/Code/Generator/Autoloader.php(35): Magento\Framework\Code\Generator->generateClass('Magento\\Store\\M...')
#1 [internal function]: Magento\Framework\Code\Generator\Autoloader->load('Magento\\Store\\M...')
#2 [internal function]: spl_autoload_call('Magento\\Store\\M...')
#3 /var/www/html/m2latest23/vendor/magento/framework/Code/Reader/ClassReader.php(19): ReflectionClass->__construct('Magento\\Store\\M...')
#4 /var/www/html/m2latest23/vendor/magento/framework/ObjectManager/Definition/Runtime.php(44): Magento\Framework\Code\Reader\ClassReader->getConstructor('Magento\\Store\\M...')
#5 /var/www/html/m2latest23/vendor/magento/framework/ObjectManager/Factory/Dynamic/Developer.php(48): Magento\Framework\ObjectMana in /var/www/html/m2latest23/vendor/magento/framework/Code/Generator.php on line 115
[23-Feb-2018 13:58:48 UTC] PHP Fatal error:  Uncaught RuntimeException: Can't create directory /var/www/html/m2latest23/generated/code/Magento/Store/Model/Website/. in [Magento\Store\Model\Website\Interceptor] in /var/www/html/m2latest23/vendor/magento/framework/Code/Generator.php:115
Stack trace:
#0 /var/www/html/m2latest23/vendor/magento/framework/Code/Generator/Autoloader.php(35): Magento\Framework\Code\Generator->generateClass('Magento\\Store\\M...')
#1 [internal function]: Magento\Framework\Code\Generator\Autoloader->load('Magento\\Store\\M...')
#2 [internal function]: spl_autoload_call('Magento\\Store\\M...')
#3 /var/www/html/m2latest23/vendor/magento/framework/Code/Reader/ClassReader.php(19): ReflectionClass->__construct('Magento\\Store\\M...')
#4 /var/www/html/m2latest23/vendor/magento/framework/ObjectManager/Definition/Runtime.php(44): Magento\Framework\Code\Reader\ClassReader->getConstructor('Magento\\Store\\M...')
#5 /var/www/html/m2latest23/vendor/magento/framework/ObjectManager/Factory/Dynamic/Developer.php(48): Magento\Framework\ObjectMana in /var/www/html/m2latest23/vendor/magento/framework/Code/Generator.php on line 115
[23-Feb-2018 13:58:49 UTC] PHP Fatal error:  Uncaught RuntimeException: Can't create directory /var/www/html/m2latest23/generated/code/Magento/Store/Model/Website/. in [Magento\Store\Model\Website\Interceptor] in /var/www/html/m2latest23/vendor/magento/framework/Code/Generator.php:115
Stack trace:
#0 /var/www/html/m2latest23/vendor/magento/framework/Code/Generator/Autoloader.php(35): Magento\Framework\Code\Generator->generateClass('Magento\\Store\\M...')
#1 [internal function]: Magento\Framework\Code\Generator\Autoloader->load('Magento\\Store\\M...')
#2 [internal function]: spl_autoload_call('Magento\\Store\\M...')
#3 /var/www/html/m2latest23/vendor/magento/framework/Code/Reader/ClassReader.php(19): ReflectionClass->__construct('Magento\\Store\\M...')
#4 /var/www/html/m2latest23/vendor/magento/framework/ObjectManager/Definition/Runtime.php(44): Magento\Framework\Code\Reader\ClassReader->getConstructor('Magento\\Store\\M...')
#5 /var/www/html/m2latest23/vendor/magento/framework/ObjectManager/Factory/Dynamic/Developer.php(48): Magento\Framework\ObjectMana in /var/www/html/m2latest23/vendor/magento/framework/Code/Generator.php on line 115
[23-Feb-2018 13:59:13 UTC] PHP Fatal error:  Uncaught RuntimeException: Can't create directory /var/www/html/m2latest23/generated/code/Magento/Framework/App/Config/Initial/Reader/. in [Magento\Framework\App\Config\Initial\Reader\Proxy] in /var/www/html/m2latest23/vendor/magento/framework/Code/Generator.php:115
Stack trace:
#0 /var/www/html/m2latest23/vendor/magento/framework/Code/Generator/Autoloader.php(35): Magento\Framework\Code\Generator->generateClass('Magento\\Framewo...')
#1 [internal function]: Magento\Framework\Code\Generator\Autoloader->load('Magento\\Framewo...')
#2 [internal function]: spl_autoload_call('Magento\\Framewo...')
#3 /var/www/html/m2latest23/vendor/magento/framework/ObjectManager/Relations/Runtime.php(38): class_exists('Magento\\Framewo...')
#4 /var/www/html/m2latest23/vendor/magento/framework/Interception/Config/Config.php(166): Magento\Framework\ObjectManager\Relations\Runtime->has('Magento\\Framewo...')
#5 /var/www/html/m2latest23/vendor/magento/framework/Interception/Config/Config.php(189): Magento\Framework\Interception\Conf in /var/www/html/m2latest23/vendor/magento/framework/Code/Generator.php on line 115
[23-Feb-2018 13:59:14 UTC] PHP Fatal error:  Uncaught RuntimeException: Can't create directory /var/www/html/m2latest23/generated/code/Magento/Framework/App/Config/Initial/Reader/. in [Magento\Framework\App\Config\Initial\Reader\Proxy] in /var/www/html/m2latest23/vendor/magento/framework/Code/Generator.php:115
Stack trace:
#0 /var/www/html/m2latest23/vendor/magento/framework/Code/Generator/Autoloader.php(35): Magento\Framework\Code\Generator->generateClass('Magento\\Framewo...')
#1 [internal function]: Magento\Framework\Code\Generator\Autoloader->load('Magento\\Framewo...')
#2 [internal function]: spl_autoload_call('Magento\\Framewo...')
#3 /var/www/html/m2latest23/vendor/magento/framework/ObjectManager/Relations/Runtime.php(38): class_exists('Magento\\Framewo...')
#4 /var/www/html/m2latest23/vendor/magento/framework/Interception/Config/Config.php(166): Magento\Framework\ObjectManager\Relations\Runtime->has('Magento\\Framewo...')
#5 /var/www/html/m2latest23/vendor/magento/framework/Interception/Config/Config.php(189): Magento\Framework\Interception\Conf in /var/www/html/m2latest23/vendor/magento/framework/Code/Generator.php on line 115
[23-Feb-2018 13:59:38 UTC] PHP Fatal error:  Uncaught Exception: Warning: file_put_contents(/var/www/html/m2latest23/var/cache//mage-tags/mage---35c_CONFIG): failed to open stream: Permission denied in /var/www/html/m2latest23/vendor/colinmollenhour/cache-backend-file/File.php on line 663 in /var/www/html/m2latest23/vendor/magento/framework/App/ErrorHandler.php:61
Stack trace:
#0 [internal function]: Magento\Framework\App\ErrorHandler->handler(2, 'file_put_conten...', '/var/www/html/m...', 663, Array)
#1 /var/www/html/m2latest23/vendor/colinmollenhour/cache-backend-file/File.php(663): file_put_contents('/var/www/html/m...', '35c_ADMINHTML__...', 10)
#2 /var/www/html/m2latest23/vendor/colinmollenhour/cache-backend-file/File.php(179): Cm_Cache_Backend_File->_updateIdsTags(Array, Array, 'merge')
#3 /var/www/html/m2latest23/vendor/magento/zendframework1/library/Zend/Cache/Core.php(390): Cm_Cache_Backend_File->save('[]', '35c_ADMINHTML__...', Array, NULL)
#4 /var/www/html/m2latest23/vendor/magento/framework/Cache/Core.php(74): Zend_Cache_Core->save('[]', '35 in /var/www/html/m2latest23/vendor/magento/framework/App/ErrorHandler.php on line 61
[23-Feb-2018 13:59:39 UTC] PHP Fatal error:  Uncaught Exception: Warning: file_put_contents(/var/www/html/m2latest23/var/cache//mage-tags/mage---35c_CONFIG): failed to open stream: Permission denied in /var/www/html/m2latest23/vendor/colinmollenhour/cache-backend-file/File.php on line 663 in /var/www/html/m2latest23/vendor/magento/framework/App/ErrorHandler.php:61
Stack trace:
#0 [internal function]: Magento\Framework\App\ErrorHandler->handler(2, 'file_put_conten...', '/var/www/html/m...', 663, Array)
#1 /var/www/html/m2latest23/vendor/colinmollenhour/cache-backend-file/File.php(663): file_put_contents('/var/www/html/m...', '35c_GLOBAL_ADMI...', 10)
#2 /var/www/html/m2latest23/vendor/colinmollenhour/cache-backend-file/File.php(179): Cm_Cache_Backend_File->_updateIdsTags(Array, Array, 'merge')
#3 /var/www/html/m2latest23/vendor/magento/zendframework1/library/Zend/Cache/Core.php(390): Cm_Cache_Backend_File->save('a:3:{i:0;a:161:...', '35c_GLOBAL_ADMI...', Array, NULL)
#4 /var/www/html/m2latest23/vendor/magento/framework/Cache/Core.php(74): Zend_Cache_Core in /var/www/html/m2latest23/vendor/magento/framework/App/ErrorHandler.php on line 61
